<?xml version="1.0" encoding="UTF-8"?>
<!-- Generated by org.testng.reporters.JUnitXMLReporter -->
<testsuite hostname="austcao0229.local" ignored="0" name="Surefire test" tests="2" failures="0" timestamp="28 May 2018 16:06:43 GMT" time="0.017" errors="0">
  <testcase name="@BeforeMethod setupMethod" time="0.002" classname="tests.CCTest">
    <failure type="java.lang.NullPointerException">
      <![CDATA[java.lang.NullPointerException
	at tests.CCTest.setupMethod(CCTest.java:67)
... Removed 31 stack frames]]>
    </failure>
  </testcase> <!-- @BeforeMethod setupMethod -->
  <testcase name="@BeforeMethod setupMethod" time="0.0" classname="tests.CCTest">
    <skipped/>
  </testcase> <!-- @BeforeMethod setupMethod -->
  <testcase name="testCardDetails" time="0.0" classname="tests.CCTest">
    <skipped/>
  </testcase> <!-- testCardDetails -->
  <testcase name="testFullPage" time="0.0" classname="tests.CCTest">
    <skipped/>
  </testcase> <!-- testFullPage -->
</testsuite> <!-- Surefire test -->
