<?xml version="1.0" encoding="UTF-8"?>
<!-- Generated by org.testng.reporters.JUnitXMLReporter -->
<testsuite hostname="austcao0229.local" ignored="0" name="Test" tests="1" failures="0" timestamp="25 May 2018 21:18:14 GMT" time="0.02" errors="0">
  <testcase name="@BeforeMethod setupMethod" time="0.0" classname="tests.CCTest">
    <failure type="org.testng.TestNGException" message="
Parameter &amp;apos;url&amp;apos; is required by BeforeMethod on method setupMethod but has not been marked @Optional or defined
in /Users/aodiyo/Downloads/ApplitoolsPOC-CreditCards/testng.xml">
      <![CDATA[org.testng.TestNGException: 
Parameter 'url' is required by BeforeMethod on method setupMethod but has not been marked @Optional or defined
in /Users/aodiyo/Downloads/ApplitoolsPOC-CreditCards/testng.xml
... Removed 24 stack frames]]>
    </failure>
  </testcase> <!-- @BeforeMethod setupMethod -->
  <testcase name="testCardDetails" time="0.0" classname="tests.CCTest">
    <skipped/>
  </testcase> <!-- testCardDetails -->
</testsuite> <!-- Test -->
