<?xml version="1.0" encoding="UTF-8"?>
<testng-results skipped="0" failed="1" ignored="0" total="2" passed="1">
  <reporter-output>
  </reporter-output>
  <suite name="ApplitoolsPOC" duration-ms="225683" started-at="2018-05-28T16:18:13Z" finished-at="2018-05-28T16:21:59Z">
    <groups>
    </groups>
    <test name="InterestTest" duration-ms="225683" started-at="2018-05-28T16:18:13Z" finished-at="2018-05-28T16:21:59Z">
      <class name="tests.CCTest">
        <test-method status="PASS" signature="setUpSuite()[pri:0, instance:tests.CCTest@7586beff]" name="setUpSuite" is-config="true" duration-ms="9" started-at="2018-05-28T11:18:13Z" finished-at="2018-05-28T11:18:13Z">
          <reporter-output>
          </reporter-output>
        </test-method> <!-- setUpSuite -->
        <test-method status="PASS" signature="setupMethod(java.lang.String, java.lang.String, java.lang.String)[pri:0, instance:tests.CCTest@7586beff]" name="setupMethod" is-config="true" duration-ms="2130" started-at="2018-05-28T11:18:13Z" finished-at="2018-05-28T11:18:16Z">
          <params>
            <param index="0">
              <value>
                <![CDATA[http://creditcards.com/v2/zero-interest/]]>
              </value>
            </param>
            <param index="1">
              <value>
                <![CDATA[0% APR]]>
              </value>
            </param>
            <param index="2">
              <value>
                <![CDATA[firefox]]>
              </value>
            </param>
          </params>
          <reporter-output>
          </reporter-output>
        </test-method> <!-- setupMethod -->
        <test-method status="FAIL" signature="testCardDetails()[pri:0, instance:tests.CCTest@7586beff]" name="testCardDetails" duration-ms="4" started-at="2018-05-28T11:18:16Z" finished-at="2018-05-28T11:18:16Z">
          <exception class="java.lang.NullPointerException">
            <full-stacktrace>
              <![CDATA[java.lang.NullPointerException
	at tests.CCTest.testCardDetails(CCTest.java:111)
	at sun.reflect.NativeMethodAccessorImpl.invoke0(Native Method)
	at sun.reflect.NativeMethodAccessorImpl.invoke(NativeMethodAccessorImpl.java:62)
	at sun.reflect.DelegatingMethodAccessorImpl.invoke(DelegatingMethodAccessorImpl.java:43)
	at java.lang.reflect.Method.invoke(Method.java:498)
	at org.testng.internal.MethodInvocationHelper.invokeMethod(MethodInvocationHelper.java:108)
	at org.testng.internal.Invoker.invokeMethod(Invoker.java:661)
	at org.testng.internal.Invoker.invokeTestMethod(Invoker.java:869)
	at org.testng.internal.Invoker.invokeTestMethods(Invoker.java:1193)
	at org.testng.internal.TestMethodWorker.invokeTestMethods(TestMethodWorker.java:126)
	at org.testng.internal.TestMethodWorker.run(TestMethodWorker.java:109)
	at org.testng.TestRunner.privateRun(TestRunner.java:744)
	at org.testng.TestRunner.run(TestRunner.java:602)
	at org.testng.SuiteRunner.runTest(SuiteRunner.java:380)
	at org.testng.SuiteRunner.access$000(SuiteRunner.java:39)
	at org.testng.SuiteRunner$SuiteWorker.run(SuiteRunner.java:414)
	at org.testng.internal.thread.ThreadUtil$1.call(ThreadUtil.java:52)
	at java.util.concurrent.FutureTask.run(FutureTask.java:266)
	at java.util.concurrent.ThreadPoolExecutor.runWorker(ThreadPoolExecutor.java:1149)
	at java.util.concurrent.ThreadPoolExecutor$Worker.run(ThreadPoolExecutor.java:624)
	at java.lang.Thread.run(Thread.java:748)
]]>
            </full-stacktrace>
          </exception> <!-- java.lang.NullPointerException -->
          <reporter-output>
          </reporter-output>
        </test-method> <!-- testCardDetails -->
        <test-method status="PASS" signature="tearDown()[pri:0, instance:tests.CCTest@7586beff]" name="tearDown" is-config="true" duration-ms="426" started-at="2018-05-28T11:18:16Z" finished-at="2018-05-28T11:18:16Z">
          <reporter-output>
          </reporter-output>
        </test-method> <!-- tearDown -->
        <test-method status="PASS" signature="setupMethod(java.lang.String, java.lang.String, java.lang.String)[pri:0, instance:tests.CCTest@7586beff]" name="setupMethod" is-config="true" duration-ms="1641" started-at="2018-05-28T11:18:16Z" finished-at="2018-05-28T11:18:18Z">
          <params>
            <param index="0">
              <value>
                <![CDATA[http://creditcards.com/v2/zero-interest/]]>
              </value>
            </param>
            <param index="1">
              <value>
                <![CDATA[0% APR]]>
              </value>
            </param>
            <param index="2">
              <value>
                <![CDATA[firefox]]>
              </value>
            </param>
          </params>
          <reporter-output>
          </reporter-output>
        </test-method> <!-- setupMethod -->
        <test-method status="PASS" signature="testFullPage()[pri:0, instance:tests.CCTest@7586beff]" name="testFullPage" duration-ms="219877" started-at="2018-05-28T11:18:18Z" finished-at="2018-05-28T11:21:58Z">
          <reporter-output>
          </reporter-output>
        </test-method> <!-- testFullPage -->
        <test-method status="PASS" signature="tearDown()[pri:0, instance:tests.CCTest@7586beff]" name="tearDown" is-config="true" duration-ms="1588" started-at="2018-05-28T11:21:58Z" finished-at="2018-05-28T11:21:59Z">
          <reporter-output>
          </reporter-output>
        </test-method> <!-- tearDown -->
      </class> <!-- tests.CCTest -->
    </test> <!-- InterestTest -->
  </suite> <!-- ApplitoolsPOC -->
</testng-results>
