<?xml version="1.0" encoding="UTF-8"?>
<!-- Generated by org.testng.reporters.JUnitXMLReporter -->
<testsuite hostname="austcao0229.local" ignored="0" name="CashBackTest" tests="1" failures="1" timestamp="28 May 2018 16:01:24 GMT" time="3.018" errors="0">
  <testcase name="testCardDetails" time="0.006" classname="tests.CCTest">
    <failure type="java.lang.NullPointerException">
      <![CDATA[java.lang.NullPointerException
	at tests.CCTest.testCardDetails(CCTest.java:111)
	at java.util.concurrent.FutureTask.run(FutureTask.java:266)
	at java.util.concurrent.ThreadPoolExecutor.runWorker(ThreadPoolExecutor.java:1149)
	at java.util.concurrent.ThreadPoolExecutor$Worker.run(ThreadPoolExecutor.java:624)
	at java.lang.Thread.run(Thread.java:748)
... Removed 16 stack frames]]>
    </failure>
  </testcase> <!-- testCardDetails -->
</testsuite> <!-- CashBackTest -->
