<?xml version="1.0" encoding="UTF-8"?>
<!-- Generated by org.testng.reporters.JUnitXMLReporter -->
<testsuite hostname="austcao0229.local" ignored="0" name="InterestTest" tests="2" failures="1" timestamp="28 May 2018 16:21:59 GMT" time="225.683" errors="0">
  <testcase name="testCardDetails" time="0.004" classname="tests.CCTest">
    <failure type="java.lang.NullPointerException">
      <![CDATA[java.lang.NullPointerException
	at tests.CCTest.testCardDetails(CCTest.java:111)
	at java.util.concurrent.FutureTask.run(FutureTask.java:266)
	at java.util.concurrent.ThreadPoolExecutor.runWorker(ThreadPoolExecutor.java:1149)
	at java.util.concurrent.ThreadPoolExecutor$Worker.run(ThreadPoolExecutor.java:624)
	at java.lang.Thread.run(Thread.java:748)
... Removed 16 stack frames]]>
    </failure>
  </testcase> <!-- testCardDetails -->
  <testcase name="testFullPage" time="219.877" classname="tests.CCTest"/>
</testsuite> <!-- InterestTest -->
